> Task :commonizeNativeDistribution UP-TO-DATE
> Task :composeApp:checkKotlinGradlePluginConfigurationErrors SKIPPED
> Task :composeApp:generateComposeResClass UP-TO-DATE
> Task :composeApp:convertXmlValueResourcesForCommonMain NO-SOURCE
> Task :composeApp:copyNonXmlValueResourcesForCommonMain UP-TO-DATE
> Task :composeApp:prepareComposeResourcesTaskForCommonMain UP-TO-DATE
> Task :composeApp:generateResourceAccessorsForCommonMain UP-TO-DATE
> Task :composeApp:transformCommonMainCInteropDependenciesMetadata UP-TO-DATE
> Task :shared:generateProjectStructureMetadata UP-TO-DATE
> Task :shared:allMetadataJar UP-TO-DATE
> Task :shared:checkKotlinGradlePluginConfigurationErrors SKIPPED
> Task :shared:generateCommonMainAiPoseDatabaseInterface UP-TO-DATE
> Task :shared:transformCommonMainDependenciesMetadata UP-TO-DATE
> Task :shared:compileCommonMainKotlinMetadata UP-TO-DATE
> Task :shared:metadataCommonMainProcessResources NO-SOURCE
> Task :shared:metadataCommonMainClasses UP-TO-DATE
> Task :shared:transformNativeMainDependenciesMetadata UP-TO-DATE
> Task :shared:compileNativeMainKotlinMetadata NO-SOURCE
> Task :shared:metadataNativeMainProcessResources NO-SOURCE
> Task :shared:metadataNativeMainClasses UP-TO-DATE
> Task :shared:transformAppleMainDependenciesMetadata UP-TO-DATE
> Task :shared:compileAppleMainKotlinMetadata NO-SOURCE
> Task :shared:metadataAppleMainProcessResources NO-SOURCE
> Task :shared:metadataAppleMainClasses UP-TO-DATE
> Task :shared:transformIosMainDependenciesMetadata UP-TO-DATE
> Task :shared:compileIosMainKotlinMetadata UP-TO-DATE
> Task :shared:metadataIosMainProcessResources NO-SOURCE
> Task :shared:metadataIosMainClasses UP-TO-DATE
> Task :shared:iosArm64MetadataElements UP-TO-DATE
> Task :shared:iosSimulatorArm64MetadataElements UP-TO-DATE
> Task :shared:iosX64MetadataElements UP-TO-DATE
> Task :composeApp:transformCommonMainDependenciesMetadata UP-TO-DATE

> Task :composeApp:compileCommonMainKotlinMetadata FAILED
w: KLIB resolver: The same 'unique_name=runtime_commonMain' found in more than one library: /Users/phamnhuphong/Git/ai-pose/composeApp/build/kotlinTransformedMetadataLibraries/commonMain/app.cash.sqldelight-runtime-2.0.0-commonMain-Vv32EQ.klib, /Users/phamnhuphong/Git/ai-pose/composeApp/build/kotlinTransformedMetadataLibraries/commonMain/org.jetbrains.compose.runtime-runtime-1.6.11-commonMain-CVJWAg.klib
e: file:///Users/phamnhuphong/Git/ai-pose/composeApp/src/commonMain/kotlin/com/aipose/ui/screens/gallery/GalleryViewModel.kt:24:20 Cannot access class 'app.cash.sqldelight.db.SqlDriver'. Check your module classpath for missing or conflicting dependencies.
e: file:///Users/phamnhuphong/Git/ai-pose/composeApp/src/commonMain/kotlin/com/aipose/ui/screens/gallery/GalleryViewModel.kt:24:59 Cannot access class 'app.cash.sqldelight.db.SqlDriver'. Check your module classpath for missing or conflicting dependencies.
e: file:///Users/phamnhuphong/Git/ai-pose/composeApp/src/commonMain/kotlin/com/aipose/ui/screens/poses/PoseDetailScreen.kt:49:61 Cannot access class 'app.cash.sqldelight.db.SqlDriver'. Check your module classpath for missing or conflicting dependencies.
e: file:///Users/phamnhuphong/Git/ai-pose/composeApp/src/commonMain/kotlin/com/aipose/ui/screens/poses/PoseDetailScreen.kt:49:100 Cannot access class 'app.cash.sqldelight.db.SqlDriver'. Check your module classpath for missing or conflicting dependencies.
e: file:///Users/phamnhuphong/Git/ai-pose/composeApp/src/commonMain/kotlin/com/aipose/ui/screens/poses/PosesScreen.kt:92:5 Cannot access class 'app.cash.sqldelight.db.SqlDriver'. Check your module classpath for missing or conflicting dependencies.
e: file:///Users/phamnhuphong/Git/ai-pose/composeApp/src/commonMain/kotlin/com/aipose/ui/screens/poses/PosesScreen.kt:92:44 Cannot access class 'app.cash.sqldelight.db.SqlDriver'. Check your module classpath for missing or conflicting dependencies.

FAILURE: Build failed with an exception.

* What went wrong:
Execution failed for task ':composeApp:compileCommonMainKotlinMetadata'.
> Compilation finished with errors

* Try:
> Run with --stacktrace option to get the stack trace.
> Run with --info or --debug option to get more log output.
> Run with --scan to get full insights.
> Get more help at https://help.gradle.org.

Deprecated Gradle features were used in this build, making it incompatible with Gradle 9.0.

You can use '--warning-mode all' to show the individual deprecation warnings and determine if they come from your own scripts or plugins.

For more on this, please refer to https://docs.gradle.org/8.5/userguide/command_line_interface.html#sec:command_line_warnings in the Gradle documentation.

BUILD FAILED in 1s
20 actionable tasks: 1 executed, 19 up-to-date
